<?xml version="1.0" encoding="UTF-8"?>
<!DOCTYPE mapper PUBLIC "-//mybatis.org//DTD Mapper 3.0//EN" "http://mybatis.org/dtd/mybatis-3-mapper.dtd" >
<mapper namespace="testMapper">
	<resultMap type="Test" id="testResultSet">
		<result property="no" column="T_NO"/>
		<result property="name" column="T_NAME"/>
		<result property="email" column="T_EMAIL"/>
		<result property="phone" column="T_PHONE"/>
	</resultMap>
	<select id="selectList" resultMap="testResultSet">
		SELECT *
		FROM TEST
	</select>
</mapper>
